\BOOKMARK [0][-]{chapter.1}{\376\377\000I\000N\000T\000R\000O\000D\000U\000C\000T\000I\000O\000N}{}% 1
\BOOKMARK [1][-]{section.1.1}{\376\377\000P\000r\000o\000b\000l\000e\000m\000\040\000S\000t\000a\000t\000e\000m\000e\000n\000t}{chapter.1}% 2
\BOOKMARK [1][-]{section.1.2}{\376\377\000B\000a\000c\000k\000g\000r\000o\000u\000n\000d\000\040\000a\000n\000d\000\040\000P\000r\000o\000b\000l\000e\000m\000s\000\040\000o\000f\000\040\000R\000e\000s\000e\000a\000r\000c\000h}{chapter.1}% 3
\BOOKMARK [2][-]{subsection.1.2.1}{\376\377\000O\000v\000e\000r\000v\000i\000e\000w}{section.1.2}% 4
\BOOKMARK [2][-]{subsection.1.2.2}{\376\377\000T\000h\000e\000\040\000F\000u\000n\000d\000a\000m\000e\000n\000t\000a\000l\000s\000\040\000o\000f\000\040\000H\000u\000m\000a\000n\000\040\000G\000a\000i\000t}{section.1.2}% 5
\BOOKMARK [2][-]{subsection.1.2.3}{\376\377\000O\000v\000e\000r\000v\000i\000e\000w\000\040\000o\000f\000\040\000G\000a\000i\000t\000\040\000R\000e\000c\000o\000g\000n\000i\000t\000i\000o\000n}{section.1.2}% 6
\BOOKMARK [2][-]{subsection.1.2.4}{\376\377\000S\000i\000n\000g\000l\000e\000-\000V\000i\000e\000w\000\040\000i\000n\000\040\000G\000a\000i\000t\000\040\000R\000e\000c\000o\000g\000n\000i\000t\000i\000o\000n}{section.1.2}% 7
\BOOKMARK [2][-]{subsection.1.2.5}{\376\377\000T\000h\000e\000\040\000F\000u\000n\000d\000a\000m\000e\000n\000t\000a\000l\000s\000\040\000o\000f\000\040\000G\000a\000i\000t\000\040\000E\000n\000e\000r\000g\000y\000\040\000I\000m\000a\000g\000e\000\040\000\050\000G\000E\000I\000\051}{section.1.2}% 8
\BOOKMARK [2][-]{subsection.1.2.6}{\376\377\000M\000u\000l\000t\000i\000p\000l\000e\000-\000V\000i\000e\000w\000\040\000i\000n\000\040\000G\000a\000i\000t\000\040\000R\000e\000c\000o\000g\000n\000i\000t\000i\000o\000n}{section.1.2}% 9
\BOOKMARK [2][-]{subsection.1.2.7}{\376\377\000C\000l\000a\000s\000s\000i\000c\000\040\000/\000\040\000P\000r\000e\040\023\000D\000e\000e\000p\000\040\000L\000e\000a\000r\000n\000i\000n\000g\000\040\000G\000a\000i\000t\000\040\000R\000e\000c\000o\000g\000n\000i\000t\000i\000o\000n\000\040\000A\000p\000p\000r\000o\000a\000c\000h\000e\000s}{section.1.2}% 10
\BOOKMARK [2][-]{subsection.1.2.8}{\376\377\000R\000e\000c\000e\000n\000t\000\040\000G\000a\000i\000t\000\040\000R\000e\000c\000o\000g\000n\000i\000t\000i\000o\000n\000\040\000R\000e\000s\000e\000a\000r\000c\000h}{section.1.2}% 11
\BOOKMARK [2][-]{subsection.1.2.9}{\376\377\000F\000e\000a\000t\000u\000r\000e\000s\000\040\000u\000s\000a\000g\000e\000\040\000i\000n\000\040\000G\000a\000i\000t\000\040\000R\000e\000c\000o\000g\000n\000i\000t\000i\000o\000n}{section.1.2}% 12
\BOOKMARK [1][-]{section.1.3}{\376\377\000R\000e\000s\000e\000a\000r\000c\000h\000\040\000O\000b\000j\000e\000c\000t\000i\000v\000e\000s\000\040\000a\000n\000d\000\040\000C\000o\000n\000c\000e\000p\000t\000u\000a\000l\000\040\000F\000r\000a\000m\000e\000w\000o\000r\000k}{chapter.1}% 13
\BOOKMARK [1][-]{section.1.4}{\376\377\000C\000o\000n\000t\000r\000i\000b\000u\000t\000i\000o\000n\000s}{chapter.1}% 14
\BOOKMARK [1][-]{section.1.5}{\376\377\000O\000r\000g\000a\000n\000i\000z\000a\000t\000i\000o\000n\000\040\000o\000f\000\040\000T\000h\000e\000s\000i\000s}{chapter.1}% 15
\BOOKMARK [0][-]{chapter.2}{\376\377\000L\000I\000T\000E\000R\000A\000T\000U\000R\000E\000\040\000R\000E\000V\000I\000E\000W}{}% 16
\BOOKMARK [1][-]{section.2.1}{\376\377\000S\000c\000o\000p\000e\000\040\000o\000f\000\040\000R\000e\000s\000e\000a\000r\000c\000h}{chapter.2}% 17
\BOOKMARK [2][-]{subsection.2.1.1}{\376\377\000O\000u\000r\000\040\000n\000e\000w\000\040\000a\000p\000p\000r\000o\000a\000c\000h}{section.2.1}% 18
\BOOKMARK [2][-]{subsection.2.1.2}{\376\377\000O\000u\000r\000\040\000p\000r\000o\000p\000o\000s\000e\000d\000\040\000m\000o\000d\000e\000l\000\040\000a\000r\000c\000h\000i\000t\000e\000c\000t\000u\000r\000e}{section.2.1}% 19
\BOOKMARK [1][-]{section.2.2}{\376\377\000R\000e\000l\000a\000t\000e\000d\000\040\000W\000o\000r\000k\000s}{chapter.2}% 20
\BOOKMARK [2][-]{subsection.2.2.1}{\376\377\000H\000i\000g\000h\000l\000i\000g\000h\000t\000e\000d\000\040\000R\000e\000s\000e\000a\000r\000c\000h\000e\000s\000\040\000o\000n\000\040\000O\000U\000-\000I\000S\000I\000R\000\040\000G\000a\000i\000t\000\040\000D\000a\000t\000a\000b\000a\000s\000e\000,\000\040\000M\000u\000l\000t\000i\000-\000V\000i\000e\000w\000\040\000L\000a\000r\000g\000e\000\040\000P\000o\000p\000u\000l\000a\000t\000i\000o\000n\000\040\000D\000a\000t\000a\000s\000e\000t\000\040\000\050\000O\000U\000-\000M\000V\000L\000P\000\051\000\040}{section.2.2}% 21
\BOOKMARK [2][-]{subsection.2.2.2}{\376\377\000K\000e\000y\000\040\000P\000a\000p\000e\000r\000s\000\040\000o\000n\000\040\0001\000-\000V\000i\000e\000w\000\040\000\050\000S\000i\000n\000g\000l\000e\000-\000V\000i\000e\000w\000\051\000\040\000G\000a\000i\000t\000\040\000R\000e\000c\000o\000g\000n\000i\000t\000i\000o\000n}{section.2.2}% 22
\BOOKMARK [2][-]{subsection.2.2.3}{\376\377\000K\000e\000y\000\040\000P\000a\000p\000e\000r\000s\000\040\000o\000n\000\040\000M\000u\000l\000t\000i\000-\000V\000i\000e\000w\000\040\000G\000a\000i\000t\000\040\000R\000e\000c\000o\000g\000n\000i\000t\000i\000o\000n}{section.2.2}% 23
\BOOKMARK [0][-]{chapter.3}{\376\377\000M\000E\000T\000H\000O\000D\000O\000L\000O\000G\000Y}{}% 24
\BOOKMARK [1][-]{section.3.1}{\376\377\000O\000v\000e\000r\000v\000i\000e\000w}{chapter.3}% 25
\BOOKMARK [2][-]{subsection.3.1.1}{\376\377\000O\000u\000r\000\040\000p\000r\000o\000p\000o\000s\000e\000d\000\040\000m\000o\000d\000e\000l\000\040\000a\000r\000c\000h\000i\000t\000e\000c\000t\000u\000r\000e}{section.3.1}% 26
\BOOKMARK [1][-]{section.3.2}{\376\377\000O\000u\000r\000\040\000m\000o\000d\000e\000l\000\040\000e\000x\000p\000l\000a\000n\000a\000t\000i\000o\000n\000\040\000i\000n\000\040\000m\000a\000t\000h}{chapter.3}% 27
\BOOKMARK [2][-]{subsection.3.2.1}{\376\377\000C\000o\000n\000v\000o\000l\000u\000t\000i\000o\000n\000a\000l\000\040\000N\000e\000u\000r\000a\000l\000\040\000N\000e\000t\000w\000o\000r\000k\000\040\000\050\000C\000N\000N\000\051}{section.3.2}% 28
\BOOKMARK [2][-]{subsection.3.2.2}{\376\377\000T\000r\000a\000n\000s\000f\000o\000m\000e\000r\000\040\000E\000n\000c\000o\000d\000e\000r}{section.3.2}% 29
\BOOKMARK [1][-]{section.3.3}{\376\377\000C\000o\000n\000v\000o\000l\000u\000t\000i\000o\000n\000a\000l\000\040\000n\000e\000u\000r\000a\000l\000\040\000n\000e\000t\000w\000o\000r\000k\000\040\000m\000o\000d\000e\000l\000\040\000-\000\040\000D\000e\000s\000c\000r\000i\000p\000t\000o\000r\000\040\000m\000o\000d\000e\000l}{chapter.3}% 30
\BOOKMARK [1][-]{section.3.4}{\376\377\000T\000r\000a\000n\000s\000f\000o\000r\000m\000e\000r\000\040\000m\000o\000d\000e\000l\000\040\000-\000\040\000R\000e\000a\000s\000o\000n\000e\000r\000\040\000m\000o\000d\000e\000l}{chapter.3}% 31
\BOOKMARK [0][-]{chapter.4}{\376\377\000N\000U\000M\000E\000R\000I\000C\000A\000L\000\040\000R\000E\000S\000U\000L\000T\000S}{}% 32
\BOOKMARK [1][-]{section.4.1}{\376\377\000D\000a\000t\000a\000s\000e\000t}{chapter.4}% 33
\BOOKMARK [2][-]{subsection.4.1.1}{\376\377\000D\000a\000t\000a\000\040\000S\000o\000u\000r\000c\000e}{section.4.1}% 34
\BOOKMARK [1][-]{section.4.2}{\376\377\000E\000v\000a\000l\000u\000a\000t\000i\000o\000n\000\040\000P\000a\000r\000a\000m\000e\000t\000e\000r\000s}{chapter.4}% 35
\BOOKMARK [1][-]{section.4.3}{\376\377\000E\000x\000p\000e\000r\000i\000m\000e\000n\000t\000\040\000S\000e\000t\000t\000i\000n\000g}{chapter.4}% 36
\BOOKMARK [1][-]{section.4.4}{\376\377\000R\000e\000a\000s\000o\000n\000i\000n\000g\000\040\000o\000n\000\040\000t\000w\000o\000\040\000v\000i\000e\000w\000s\000\040\000\050\000M\000u\000l\000t\000i\000-\000V\000i\000e\000w\000\040\000S\000y\000n\000t\000h\000e\000s\000i\000s\000\051}{chapter.4}% 37
\BOOKMARK [1][-]{section.4.5}{\376\377\000R\000e\000a\000s\000o\000n\000i\000n\000g\000\040\000o\000n\000\040\000o\000n\000e\000\040\000v\000i\000e\000w\000\040\000\050\000S\000i\000n\000g\000l\000e\000-\000V\000i\000e\000w\000\040\000I\000n\000f\000e\000r\000e\000n\000c\000e\000\051}{chapter.4}% 38
\BOOKMARK [2][-]{subsection.4.5.1}{\376\377\000O\000t\000h\000e\000r\000\040\000m\000e\000a\000s\000u\000r\000e\000m\000e\000n\000t\000s}{section.4.5}% 39
\BOOKMARK [0][-]{chapter.5}{\376\377\000C\000O\000N\000C\000L\000U\000S\000I\000O\000N\000S}{}% 40
\BOOKMARK [1][-]{section.5.1}{\376\377\000S\000u\000m\000m\000a\000r\000y}{chapter.5}% 41
\BOOKMARK [1][-]{section.5.2}{\376\377\000S\000u\000g\000g\000e\000s\000t\000i\000o\000n\000\040\000f\000o\000r\000\040\000F\000u\000t\000u\000r\000e\000\040\000W\000o\000r\000k\000s\000\040}{chapter.5}% 42
\BOOKMARK [0][-]{section*.38}{\376\377\000R\000E\000F\000E\000R\000E\000N\000C\000E}{}% 43
